\BOOKMARK [1][-]{section.1}{Introduction}{}% 1
\BOOKMARK [1][-]{section.2}{D\351marche g\351n\351rale}{}% 2
\BOOKMARK [1][-]{section.3}{Structure de la table des symboles}{}% 3
\BOOKMARK [1][-]{section.4}{Architecture du compilateur}{}% 4
\BOOKMARK [2][-]{subsection.4.1}{Application}{section.4}% 5
\BOOKMARK [3][-]{subsubsection.4.1.1}{Application}{subsection.4.1}% 6
\BOOKMARK [3][-]{subsubsection.4.1.2}{Array}{subsection.4.1}% 7
\BOOKMARK [3][-]{subsubsection.4.1.3}{Context}{subsection.4.1}% 8
\BOOKMARK [3][-]{subsubsection.4.1.4}{Enumeration}{subsection.4.1}% 9
\BOOKMARK [3][-]{subsubsection.4.1.5}{Function}{subsection.4.1}% 10
\BOOKMARK [3][-]{subsubsection.4.1.6}{Record}{subsection.4.1}% 11
\BOOKMARK [3][-]{subsubsection.4.1.7}{VariableBase}{subsection.4.1}% 12
\BOOKMARK [3][-]{subsubsection.4.1.8}{Variable}{subsection.4.1}% 13
\BOOKMARK [2][-]{subsection.4.2}{Exception}{section.4}% 14
\BOOKMARK [2][-]{subsection.4.3}{Language}{section.4}% 15
\BOOKMARK [3][-]{subsubsection.4.3.1}{ActionExpression}{subsection.4.3}% 16
\BOOKMARK [3][-]{subsubsection.4.3.2}{ArrayHelper}{subsection.4.3}% 17
\BOOKMARK [3][-]{subsubsection.4.3.3}{BooleanExpression}{subsection.4.3}% 18
\BOOKMARK [3][-]{subsubsection.4.3.4}{CharExpression}{subsection.4.3}% 19
\BOOKMARK [3][-]{subsubsection.4.3.5}{ConstantExpression}{subsection.4.3}% 20
\BOOKMARK [3][-]{subsubsection.4.3.6}{DeclarationExpression}{subsection.4.3}% 21
\BOOKMARK [3][-]{subsubsection.4.3.7}{EnumExpression}{subsection.4.3}% 22
\BOOKMARK [3][-]{subsubsection.4.3.8}{ForExpression}{subsection.4.3}% 23
\BOOKMARK [3][-]{subsubsection.4.3.9}{FunctionExpression}{subsection.4.3}% 24
\BOOKMARK [3][-]{subsubsection.4.3.10}{GenericExpression}{subsection.4.3}% 25
\BOOKMARK [3][-]{subsubsection.4.3.11}{IfExpression}{subsection.4.3}% 26
\BOOKMARK [3][-]{subsubsection.4.3.12}{IntegerExpression}{subsection.4.3}% 27
\BOOKMARK [3][-]{subsubsection.4.3.13}{RepeatExpression}{subsection.4.3}% 28
\BOOKMARK [3][-]{subsubsection.4.3.14}{StructureExpression}{subsection.4.3}% 29
\BOOKMARK [3][-]{subsubsection.4.3.15}{Tuple}{subsection.4.3}% 30
\BOOKMARK [3][-]{subsubsection.4.3.16}{VariableExpression}{subsection.4.3}% 31
\BOOKMARK [3][-]{subsubsection.4.3.17}{VariableHelper}{subsection.4.3}% 32
\BOOKMARK [3][-]{subsubsection.4.3.18}{WhileExpression}{subsection.4.3}% 33
\BOOKMARK [2][-]{subsection.4.4}{Main}{section.4}% 34
\BOOKMARK [2][-]{subsection.4.5}{Map}{section.4}% 35
\BOOKMARK [2][-]{subsection.4.6}{Nbc}{section.4}% 36
\BOOKMARK [3][-]{subsubsection.4.6.1}{Helper}{subsection.4.6}% 37
\BOOKMARK [3][-]{subsubsection.4.6.2}{Writer}{subsection.4.6}% 38
\BOOKMARK [1][-]{section.5}{Conclusion}{}% 39
